<?xml version="1.0" encoding="UTF-8"?>
<!-- Generated by org.testng.reporters.JUnitReportReporter -->
<testsuite hostname="SvetkaPC" name="newgroup.DeleteFilm" tests="1" failures="0" timestamp="10 Nov 2015 22:46:44 GMT" time="2.497" errors="0">
  <testcase name="testDeleteFilm" time="2.497" classname="newgroup.DeleteFilm"/>
</testsuite> <!-- newgroup.DeleteFilm -->
