<?xml version="1.0" encoding="UTF-8"?>
<!-- Generated by org.testng.reporters.JUnitReportReporter -->
<testsuite hostname="SvetkaPC" name="newgroup.AddFilmPositive" tests="1" failures="0" timestamp="10 Nov 2015 21:34:18 GMT" time="2.584" errors="0">
  <testcase name="testAddFilmNegative" time="2.584" classname="newgroup.AddFilmPositive"/>
</testsuite> <!-- newgroup.AddFilmPositive -->
