<?xml version="1.0" encoding="UTF-8"?>
<!-- Generated by org.testng.reporters.JUnitReportReporter -->
<testsuite hostname="SvetkaPC" name="newgroup.TEst" tests="1" failures="0" timestamp="29 Oct 2015 21:56:27 GMT" time="4.035" errors="0">
  <testcase name="testUntitled" time="4.035" classname="newgroup.TEst"/>
</testsuite> <!-- newgroup.TEst -->
