<?xml version="1.0" encoding="UTF-8"?>
<!-- Generated by org.testng.reporters.JUnitReportReporter -->
<testsuite hostname="SvetkaPC" name="newgroup.SearchSomeResults" tests="1" failures="0" timestamp="12 Nov 2015 16:17:07 GMT" time="2.390" errors="0">
  <testcase name="testSearchSomeResults" time="2.390" classname="newgroup.SearchSomeResults"/>
</testsuite> <!-- newgroup.SearchSomeResults -->
