<?xml version="1.0" encoding="UTF-8"?>
<!-- Generated by org.testng.reporters.JUnitReportReporter -->
<testsuite hostname="SvetkaPC" name="newgroup.SearchSomeResults" tests="1" failures="0" timestamp="11 Nov 2015 10:44:31 GMT" time="2.180" errors="0">
  <testcase name="testSearchSomeResults" time="2.180" classname="newgroup.SearchSomeResults"/>
</testsuite> <!-- newgroup.SearchSomeResults -->
