<?xml version="1.0" encoding="UTF-8"?>
<!-- Generated by org.testng.reporters.JUnitReportReporter -->
<testsuite hostname="SvetkaPC" name="newgroup.SearchNoResults" tests="1" failures="0" timestamp="5 Nov 2015 21:12:57 GMT" time="4.290" errors="0">
  <testcase name="testSearchNoResults" time="4.290" classname="newgroup.SearchNoResults"/>
</testsuite> <!-- newgroup.SearchNoResults -->
