<?xml version="1.0" encoding="UTF-8"?>
<!-- Generated by org.testng.reporters.JUnitReportReporter -->
<testsuite hostname="SvetkaPC" name="newgroup.LoginTest" tests="1" failures="0" timestamp="29 Oct 2015 20:26:56 GMT" time="4.589" errors="0">
  <testcase name="testUntitled" time="4.589" classname="newgroup.LoginTest"/>
</testsuite> <!-- newgroup.LoginTest -->
