<?xml version="1.0" encoding="UTF-8"?>
<!-- Generated by org.testng.reporters.JUnitReportReporter -->
<testsuite hostname="SvetkaPC" name="newgroup.DeleteFilm" tests="1" failures="0" timestamp="4 Nov 2015 12:21:26 GMT" time="22.021" errors="0">
  <testcase name="testDeleteFilm" time="22.021" classname="newgroup.DeleteFilm"/>
</testsuite> <!-- newgroup.DeleteFilm -->
