<?xml version="1.0" encoding="UTF-8"?>
<!-- Generated by org.testng.reporters.JUnitReportReporter -->
<testsuite hostname="SvetkaPC" name="newgroup.SearchNoResults" tests="1" failures="0" timestamp="12 Nov 2015 16:11:04 GMT" time="1.895" errors="0">
  <testcase name="testSearchNoResults" time="1.895" classname="newgroup.SearchNoResults"/>
</testsuite> <!-- newgroup.SearchNoResults -->
