<?xml version="1.0" encoding="UTF-8"?>
<!-- Generated by org.testng.reporters.JUnitReportReporter -->
<testsuite hostname="SvetkaPC" name="newgroup.DeleteFilm" tests="1" failures="0" timestamp="5 Nov 2015 21:56:46 GMT" time="1.739" errors="0">
  <testcase name="testDeleteFilm" time="1.739" classname="newgroup.DeleteFilm"/>
</testsuite> <!-- newgroup.DeleteFilm -->
