<?xml version="1.0" encoding="UTF-8"?>
<!-- Generated by org.testng.reporters.JUnitReportReporter -->
<testsuite hostname="SvetkaPC" name="newgroup.AddFilmNegative" tests="1" failures="0" timestamp="5 Nov 2015 11:31:57 GMT" time="0.981" errors="0">
  <testcase name="testAddFilmNegative" time="0.981" classname="newgroup.AddFilmNegative"/>
</testsuite> <!-- newgroup.AddFilmNegative -->
