<?xml version="1.0" encoding="UTF-8"?>
<!-- Generated by org.testng.reporters.JUnitReportReporter -->
<testsuite hostname="SvetkaPC" name="newgroup.LoginTest" tests="1" failures="0" timestamp="28 Oct 2015 20:24:58 GMT" time="2.639" errors="0">
  <testcase name="testUntitled" time="2.639" classname="newgroup.LoginTest"/>
</testsuite> <!-- newgroup.LoginTest -->
