<?xml version="1.0" encoding="UTF-8"?>
<!-- Generated by org.testng.reporters.JUnitReportReporter -->
<testsuite hostname="SvetkaPC" name="newgroup.AddFilmNegative" tests="1" failures="0" timestamp="11 Nov 2015 12:28:57 GMT" time="6.587" errors="0">
  <testcase name="testAddFilmNegative" time="6.587" classname="newgroup.AddFilmNegative"/>
</testsuite> <!-- newgroup.AddFilmNegative -->
