<?xml version="1.0" encoding="UTF-8"?>
<!-- Generated by org.testng.reporters.JUnitReportReporter -->
<testsuite hostname="SvetkaPC" name="newgroup.ChangePassTest" tests="1" failures="0" timestamp="29 Oct 2015 22:05:31 GMT" time="8.999" errors="0">
  <testcase name="testChangePass" time="8.999" classname="newgroup.ChangePassTest"/>
</testsuite> <!-- newgroup.ChangePassTest -->
