<?xml version="1.0" encoding="UTF-8"?>
<!-- Generated by org.testng.reporters.JUnitReportReporter -->
<testsuite hostname="SvetkaPC" name="newgroup.AddFilmNegative" tests="1" failures="0" timestamp="11 Nov 2015 10:56:36 GMT" time="6.552" errors="0">
  <testcase name="testAddFilmNegative" time="6.552" classname="newgroup.AddFilmNegative"/>
</testsuite> <!-- newgroup.AddFilmNegative -->
