<?xml version="1.0" encoding="UTF-8"?>
<!-- Generated by org.testng.reporters.JUnitReportReporter -->
<testsuite hostname="SvetkaPC" name="newgroup.ChangePassTest" tests="1" failures="0" timestamp="30 Oct 2015 11:21:23 GMT" time="3.902" errors="0">
  <testcase name="testChangePass" time="3.902" classname="newgroup.ChangePassTest"/>
</testsuite> <!-- newgroup.ChangePassTest -->
