<?xml version="1.0" encoding="UTF-8"?>
<!-- Generated by org.testng.reporters.JUnitReportReporter -->
<testsuite hostname="SvetkaPC" name="newgroup.AddFilmPositive" tests="1" failures="0" timestamp="5 Nov 2015 11:31:57 GMT" time="4.271" errors="0">
  <testcase name="testAddFilmPositive" time="4.271" classname="newgroup.AddFilmPositive"/>
</testsuite> <!-- newgroup.AddFilmPositive -->
