<?xml version="1.0" encoding="UTF-8"?>
<!-- Generated by org.testng.reporters.JUnitReportReporter -->
<testsuite hostname="SvetkaPC" name="newgroup.SearchNoResults" tests="1" failures="0" timestamp="11 Nov 2015 10:56:36 GMT" time="1.778" errors="0">
  <testcase name="testSearchNoResults" time="1.778" classname="newgroup.SearchNoResults"/>
</testsuite> <!-- newgroup.SearchNoResults -->
