<?xml version="1.0" encoding="UTF-8"?>
<!-- Generated by org.testng.reporters.JUnitReportReporter -->
<testsuite hostname="SvetkaPC" name="newgroup.SearchSomeResults" tests="1" failures="0" timestamp="5 Nov 2015 15:20:44 GMT" time="1.421" errors="0">
  <testcase name="testSearchSomeResults" time="1.421" classname="newgroup.SearchSomeResults"/>
</testsuite> <!-- newgroup.SearchSomeResults -->
