<?xml version="1.0" encoding="UTF-8"?>
<!-- Generated by org.testng.reporters.JUnitReportReporter -->
<testsuite hostname="SvetkaPC" name="newgroup.AddFilmNegative" tests="1" failures="0" timestamp="11 Nov 2015 12:31:05 GMT" time="7.138" errors="0">
  <testcase name="testAddFilmNegative" time="7.138" classname="newgroup.AddFilmNegative"/>
</testsuite> <!-- newgroup.AddFilmNegative -->
