<?xml version="1.0" encoding="UTF-8"?>
<!-- Generated by org.testng.reporters.JUnitReportReporter -->
<testsuite hostname="SvetkaPC" name="newgroup.ChangePassTest" tests="1" failures="0" timestamp="30 Oct 2015 10:53:01 GMT" time="16.949" errors="0">
  <testcase name="testChangePass" time="16.949" classname="newgroup.ChangePassTest"/>
</testsuite> <!-- newgroup.ChangePassTest -->
