<?xml version="1.0" encoding="UTF-8"?>
<!-- Generated by org.testng.reporters.JUnitReportReporter -->
<testsuite hostname="SvetkaPC" name="newgroup.SearchSomeResults" tests="1" failures="0" timestamp="11 Nov 2015 12:28:57 GMT" time="1.995" errors="0">
  <testcase name="testSearchSomeResults" time="1.995" classname="newgroup.SearchSomeResults"/>
</testsuite> <!-- newgroup.SearchSomeResults -->
