<?xml version="1.0" encoding="UTF-8"?>
<!-- Generated by org.testng.reporters.JUnitReportReporter -->
<testsuite hostname="SvetkaPC" name="newgroup.AddFilmPositive" tests="1" failures="0" timestamp="11 Nov 2015 10:56:36 GMT" time="4.273" errors="0">
  <testcase name="testAddFilmNegative" time="4.273" classname="newgroup.AddFilmPositive"/>
</testsuite> <!-- newgroup.AddFilmPositive -->
