<?xml version="1.0" encoding="UTF-8"?>
<!-- Generated by org.testng.reporters.JUnitReportReporter -->
<testsuite hostname="SvetkaPC" name="newgroup.SearchNoResults" tests="1" failures="0" timestamp="5 Nov 2015 15:20:44 GMT" time="3.558" errors="0">
  <testcase name="testSearchNoResults" time="3.558" classname="newgroup.SearchNoResults"/>
</testsuite> <!-- newgroup.SearchNoResults -->
